<?xml version="1.0" encoding="UTF-8"?>
<!-- Generated by org.testng.reporters.JUnitXMLReporter -->
<testsuite ignored="0" hostname="Mokshi" failures="0" tests="81" name="End to End Tests" time="0.341" errors="0" timestamp="2025-05-24T16:51:49 CDT">
  <testcase classname="maven_diares.MAven_single.EndtoEndapplicationTestcases_Test" name="testUIComponents" time="0.008"/>
  <testcase classname="maven_diares.MAven_single.EndtoEndapplicationTestcases_Test" name="testUIComponents" time="0.001"/>
  <testcase classname="maven_diares.MAven_single.EndtoEndapplicationTestcases_Test" name="testUIComponents" time="0.001"/>
  <testcase classname="maven_diares.MAven_single.EndtoEndapplicationTestcases_Test" name="testUIComponents" time="0.002"/>
  <testcase classname="maven_diares.MAven_single.EndtoEndapplicationTestcases_Test" name="testUIComponents" time="0.001"/>
  <testcase classname="maven_diares.MAven_single.EndtoEndapplicationTestcases_Test" name="testUIComponents" time="0.001"/>
  <testcase classname="maven_diares.MAven_single.EndtoEndapplicationTestcases_Test" name="testUIComponents" time="0.001"/>
  <testcase classname="maven_diares.MAven_single.EndtoEndapplicationTestcases_Test" name="testUIComponents" time="0.001"/>
  <testcase classname="maven_diares.MAven_single.EndtoEndapplicationTestcases_Test" name="testUIComponents" time="0.002"/>
  <testcase classname="maven_diares.MAven_single.EndtoEndapplicationTestcases_Test" name="testUIComponents" time="0.001"/>
  <testcase classname="maven_diares.MAven_single.EndtoEndapplicationTestcases_Test" name="testAPIIntegration" time="0.002"/>
  <testcase classname="maven_diares.MAven_single.EndtoEndapplicationTestcases_Test" name="testAccessibilityFeatures" time="0.002"/>
  <testcase classname="maven_diares.MAven_single.EndtoEndapplicationTestcases_Test" name="testApplicationShutdown" time="0.004"/>
  <testcase classname="maven_diares.MAven_single.EndtoEndapplicationTestcases_Test" name="testApplicationStart" time="0.009"/>
  <testcase classname="maven_diares.MAven_single.EndtoEndapplicationTestcases_Test" name="testApplicationUpdate" time="0.007"/>
  <testcase classname="maven_diares.MAven_single.EndtoEndapplicationTestcases_Test" name="testAuditTrail" time="0.001"/>
  <testcase classname="maven_diares.MAven_single.EndtoEndapplicationTestcases_Test" name="testBackupAndRestore" time="0.0"/>
  <testcase classname="maven_diares.MAven_single.EndtoEndapplicationTestcases_Test" name="testComplianceChecks" time="0.001"/>
  <testcase classname="maven_diares.MAven_single.EndtoEndapplicationTestcases_Test" name="testConfigurationSettings" time="0.001"/>
  <testcase classname="maven_diares.MAven_single.EndtoEndapplicationTestcases_Test" name="testCrossPlatformCompatibility" time="0.0"/>
  <testcase classname="maven_diares.MAven_single.EndtoEndapplicationTestcases_Test" name="testDataBackup" time="0.002"/>
  <testcase classname="maven_diares.MAven_single.EndtoEndapplicationTestcases_Test" name="testDataEncryption" time="0.001"/>
  <testcase classname="maven_diares.MAven_single.EndtoEndapplicationTestcases_Test" name="testDataMigration" time="0.001"/>
  <testcase classname="maven_diares.MAven_single.EndtoEndapplicationTestcases_Test" name="testDataRetrieval" time="0.003"/>
  <testcase classname="maven_diares.MAven_single.EndtoEndapplicationTestcases_Test" name="testDataSubmission" time="0.006"/>
  <testcase classname="maven_diares.MAven_single.EndtoEndapplicationTestcases_Test" name="testDataSubmission" time="0.002"/>
  <testcase classname="maven_diares.MAven_single.EndtoEndapplicationTestcases_Test" name="testDataSubmission" time="0.001"/>
  <testcase classname="maven_diares.MAven_single.EndtoEndapplicationTestcases_Test" name="testDataSynchronization" time="0.001"/>
  <testcase classname="maven_diares.MAven_single.EndtoEndapplicationTestcases_Test" name="testDataValidation" time="0.001"/>
  <testcase classname="maven_diares.MAven_single.EndtoEndapplicationTestcases_Test" name="testDatabaseConnection" time="0.001"/>
  <testcase classname="maven_diares.MAven_single.EndtoEndapplicationTestcases_Test" name="testDatarchiving" time="0.001"/>
  <testcase classname="maven_diares.MAven_single.EndtoEndapplicationTestcases_Test" name="testErrorHandling" time="0.001"/>
  <testcase classname="maven_diares.MAven_single.EndtoEndapplicationTestcases_Test" name="testErrorLogging" time="0.0"/>
  <testcase classname="maven_diares.MAven_single.EndtoEndapplicationTestcases_Test" name="testFeatureToggle" time="0.001"/>
  <testcase classname="maven_diares.MAven_single.EndtoEndapplicationTestcases_Test" name="testIntegrationWithLegacySystems" time="0.001"/>
  <testcase classname="maven_diares.MAven_single.EndtoEndapplicationTestcases_Test" name="testLoadBalancing" time="0.001"/>
  <testcase classname="maven_diares.MAven_single.EndtoEndapplicationTestcases_Test" name="testLocalization" time="0.002"/>
  <testcase classname="maven_diares.MAven_single.EndtoEndapplicationTestcases_Test" name="testLoggingAndMonitoring" time="0.001"/>
  <testcase classname="maven_diares.MAven_single.EndtoEndapplicationTestcases_Test" name="testMultiUserScenarios" time="0.001"/>
  <testcase classname="maven_diares.MAven_single.EndtoEndapplicationTestcases_Test" name="testNotificationSystem" time="0.001"/>
  <testcase classname="maven_diares.MAven_single.EndtoEndapplicationTestcases_Test" name="testPerformanceMetrics" time="0.001"/>
  <testcase classname="maven_diares.MAven_single.EndtoEndapplicationTestcases_Test" name="testRealTimeDataProcessing" time="0.003"/>
  <testcase classname="maven_diares.MAven_single.EndtoEndapplicationTestcases_Test" name="testScalability" time="0.001"/>
  <testcase classname="maven_diares.MAven_single.EndtoEndapplicationTestcases_Test" name="testSecurityFeatures" time="0.001"/>
  <testcase classname="maven_diares.MAven_single.EndtoEndapplicationTestcases_Test" name="testSessionManagement" time="0.001"/>
  <testcase classname="maven_diares.MAven_single.EndtoEndapplicationTestcases_Test" name="testSystemAlerting" time="0.0"/>
  <testcase classname="maven_diares.MAven_single.EndtoEndapplicationTestcases_Test" name="testSystemBackup" time="0.001"/>
  <testcase classname="maven_diares.MAven_single.EndtoEndapplicationTestcases_Test" name="testSystemCompatibility" time="0.002"/>
  <testcase classname="maven_diares.MAven_single.EndtoEndapplicationTestcases_Test" name="testSystemConfigurability" time="0.001"/>
  <testcase classname="maven_diares.MAven_single.EndtoEndapplicationTestcases_Test" name="testSystemDeployment" time="0.0"/>
  <testcase classname="maven_diares.MAven_single.EndtoEndapplicationTestcases_Test" name="testSystemDocumentation" time="0.001"/>
  <testcase classname="maven_diares.MAven_single.EndtoEndapplicationTestcases_Test" name="testSystemExtensibility" time="0.0"/>
  <testcase classname="maven_diares.MAven_single.EndtoEndapplicationTestcases_Test" name="testSystemIntegration" time="0.001"/>
  <testcase classname="maven_diares.MAven_single.EndtoEndapplicationTestcases_Test" name="testSystemInteroperability" time="0.0"/>
  <testcase classname="maven_diares.MAven_single.EndtoEndapplicationTestcases_Test" name="testSystemMaintainability" time="0.001"/>
  <testcase classname="maven_diares.MAven_single.EndtoEndapplicationTestcases_Test" name="testSystemMigration" time="0.0"/>
  <testcase classname="maven_diares.MAven_single.EndtoEndapplicationTestcases_Test" name="testSystemModularity" time="0.0"/>
  <testcase classname="maven_diares.MAven_single.EndtoEndapplicationTestcases_Test" name="testSystemMonitoring" time="0.001"/>
  <testcase classname="maven_diares.MAven_single.EndtoEndapplicationTestcases_Test" name="testSystemNotifications" time="0.002"/>
  <testcase classname="maven_diares.MAven_single.EndtoEndapplicationTestcases_Test" name="testSystemPerformance" time="0.001"/>
  <testcase classname="maven_diares.MAven_single.EndtoEndapplicationTestcases_Test" name="testSystemPortability" time="0.001"/>
  <testcase classname="maven_diares.MAven_single.EndtoEndapplicationTestcases_Test" name="testSystemRecovery" time="0.001"/>
  <testcase classname="maven_diares.MAven_single.EndtoEndapplicationTestcases_Test" name="testSystemReliability" time="0.001"/>
  <testcase classname="maven_diares.MAven_single.EndtoEndapplicationTestcases_Test" name="testSystemResourceUtilization" time="0.001"/>
  <testcase classname="maven_diares.MAven_single.EndtoEndapplicationTestcases_Test" name="testSystemRestoration" time="0.002"/>
  <testcase classname="maven_diares.MAven_single.EndtoEndapplicationTestcases_Test" name="testSystemReusability" time="0.001"/>
  <testcase classname="maven_diares.MAven_single.EndtoEndapplicationTestcases_Test" name="testSystemScalability" time="0.0"/>
  <testcase classname="maven_diares.MAven_single.EndtoEndapplicationTestcases_Test" name="testSystemSecurity" time="0.0"/>
  <testcase classname="maven_diares.MAven_single.EndtoEndapplicationTestcases_Test" name="testSystemTestability" time="0.001"/>
  <testcase classname="maven_diares.MAven_single.EndtoEndapplicationTestcases_Test" name="testSystemUsability" time="0.001"/>
  <testcase classname="maven_diares.MAven_single.EndtoEndapplicationTestcases_Test" name="testThirdPartyIntegrations" time="0.001"/>
  <testcase classname="maven_diares.MAven_single.EndtoEndapplicationTestcases_Test" name="testUserAnalytics" time="0.002"/>
  <testcase classname="maven_diares.MAven_single.EndtoEndapplicationTestcases_Test" name="testUserExperience" time="0.0"/>
  <testcase classname="maven_diares.MAven_single.EndtoEndapplicationTestcases_Test" name="testUserFeedback" time="0.001"/>
  <testcase classname="maven_diares.MAven_single.EndtoEndapplicationTestcases_Test" name="testUserInterfaceResponsiveness" time="0.0"/>
  <testcase classname="maven_diares.MAven_single.EndtoEndapplicationTestcases_Test" name="testUserPreferences" time="0.001"/>
  <testcase classname="maven_diares.MAven_single.EndtoEndapplicationTestcases_Test" name="testVersionControl" time="0.0"/>
  <testcase classname="maven_diares.MAven_single.EndtoEndapplicationTestcases_Test" name="testSystemLogging" time="0.001"/>
  <testcase classname="maven_diares.MAven_single.EndtoEndapplicationTestcases_Test" name="testUserLogin" time="0.002"/>
  <testcase classname="maven_diares.MAven_single.EndtoEndapplicationTestcases_Test" name="testUserRegistration" time="0.001"/>
  <testcase classname="maven_diares.MAven_single.EndtoEndapplicationTestcases_Test" name="testUserLogout" time="0.001"/>
</testsuite> <!-- End to End Tests -->
